<?xml version="1.0" encoding="UTF-8"?>
<testsuite xmlns:xsi="http://www.w3.org/2001/XMLSchema-instance" xsi:noNamespaceSchemaLocation="https://maven.apache.org/surefire/maven-surefire-plugin/xsd/surefire-test-report-3.0.xsd" version="3.0" name="com.example.whale_of_a_time.ApplicationIntegrationTest" time="8.401" tests="3" errors="0" skipped="0" failures="0">
  <properties>
[...]
</properties>
  <testcase name="applicationStartsSuccessfully" classname="com.example.whale_of_a_time.ApplicationIntegrationTest" time="0.1">
    <system-out><![CDATA[2025-11-04 10:34:27 - Could not detect default configuration classes for test class [com.example.whale_of_a_time.ApplicationIntegrationTest]: ApplicationIntegrationTest does not declare any static, non-private, non-final, nested classes annotated with @Configuration.
2025-11-04 10:34:27 - Found @SpringBootConfiguration com.example.whale_of_a_time.WhaleOfATimeApplication for test class com.example.whale_of_a_time.ApplicationIntegrationTest
2025-11-04 10:34:27 - Image pull policy will be performed by: DefaultPullPolicy()
2025-11-04 10:34:27 - Image name substitution will be performed by: DefaultImageNameSubstitutor (composite of 'ConfigurationFileImageNameSubstitutor' and 'PrefixingImageNameSubstitutor')
2025-11-04 10:34:27 - Testcontainers version: 1.20.4
2025-11-04 10:34:30 - Found Docker environment with Testcontainers Host with tc.host=tcp://127.0.0.1:49524
2025-11-04 10:34:30 - Docker host IP address is 127.0.0.1
2025-11-04 10:34:30 - Connected to docker: 
  Server Version: 28.3.3 (via Testcontainers Desktop 1.18.1)
  API Version: 1.51
  Operating System: Ubuntu 20.04 LTS
  Total Memory: 7407 MB
  Labels: 
    cloud.docker.run.version=250.24defdd2
2025-11-04 10:34:30 - Checking the system...
2025-11-04 10:34:30 - ✔︎ Docker server version should be at least 1.6.0
2025-11-04 10:34:30 - Pulling docker image: redis:alpine. Please be patient; this may take some time but only needs to be done once.
2025-11-04 10:34:31 - Starting to pull image
2025-11-04 10:34:31 - Pulling image layers:  0 pending,  0 downloaded,  0 extracted, (0 bytes/0 bytes)
2025-11-04 10:34:32 - Pulling image layers:  6 pending,  1 downloaded,  0 extracted, (0 bytes/? MB)
2025-11-04 10:34:32 - Pulling image layers:  5 pending,  2 downloaded,  0 extracted, (2 MB/? MB)
2025-11-04 10:34:32 - Pulling image layers:  4 pending,  3 downloaded,  0 extracted, (2 MB/? MB)
2025-11-04 10:34:32 - Pulling image layers:  3 pending,  4 downloaded,  0 extracted, (2 MB/? MB)
2025-11-04 10:34:32 - Pulling image layers:  2 pending,  5 downloaded,  0 extracted, (2 MB/? MB)
2025-11-04 10:34:32 - Pulling image layers:  1 pending,  6 downloaded,  0 extracted, (7 MB/? MB)
2025-11-04 10:34:32 - Pulling image layers:  1 pending,  6 downloaded,  1 extracted, (8 MB/? MB)
2025-11-04 10:34:32 - Pulling image layers:  1 pending,  6 downloaded,  2 extracted, (8 MB/? MB)
2025-11-04 10:34:32 - Pulling image layers:  1 pending,  6 downloaded,  3 extracted, (12 MB/? MB)
2025-11-04 10:34:32 - Pulling image layers:  0 pending,  7 downloaded,  3 extracted, (22 MB/26 MB)
2025-11-04 10:34:32 - Pulling image layers:  0 pending,  7 downloaded,  4 extracted, (22 MB/26 MB)
2025-11-04 10:34:32 - Pulling image layers:  0 pending,  7 downloaded,  5 extracted, (22 MB/26 MB)
2025-11-04 10:34:32 - Pulling image layers:  0 pending,  7 downloaded,  6 extracted, (22 MB/26 MB)
2025-11-04 10:34:32 - Pulling image layers:  0 pending,  7 downloaded,  7 extracted, (22 MB/26 MB)
2025-11-04 10:34:32 - Pull complete. 7 layers, pulled in 1s (downloaded 22 MB at 22 MB/s)
2025-11-04 10:34:32 - Image redis:alpine pull took PT1.995329S
2025-11-04 10:34:32 - Creating container for image: redis:alpine
2025-11-04 10:34:32 - Pulling docker image: testcontainers/ryuk:0.11.0. Please be patient; this may take some time but only needs to be done once.
2025-11-04 10:34:33 - Starting to pull image
2025-11-04 10:34:33 - Pulling image layers:  0 pending,  0 downloaded,  0 extracted, (0 bytes/0 bytes)
2025-11-04 10:34:33 - Pulling image layers:  2 pending,  1 downloaded,  0 extracted, (0 bytes/? MB)
2025-11-04 10:34:33 - Pulling image layers:  1 pending,  2 downloaded,  0 extracted, (7 MB/? MB)
2025-11-04 10:34:33 - Pulling image layers:  0 pending,  3 downloaded,  0 extracted, (8 MB/10 MB)
2025-11-04 10:34:33 - Pulling image layers:  0 pending,  3 downloaded,  1 extracted, (8 MB/10 MB)
2025-11-04 10:34:33 - Pulling image layers:  0 pending,  3 downloaded,  2 extracted, (8 MB/10 MB)
2025-11-04 10:34:33 - Pulling image layers:  0 pending,  3 downloaded,  3 extracted, (8 MB/10 MB)
2025-11-04 10:34:33 - Image testcontainers/ryuk:0.11.0 pull took PT0.90206S
2025-11-04 10:34:33 - Creating container for image: testcontainers/ryuk:0.11.0
2025-11-04 10:34:34 - Container testcontainers/ryuk:0.11.0 is starting: fe58017f2f554952a110969b1b19f97c773c03d3c38ebce58d94679d2e154617
2025-11-04 10:34:34 - Container testcontainers/ryuk:0.11.0 started in PT0.581838S
2025-11-04 10:34:34 - Container redis:alpine is starting: 039ddf20480ca20c1f3d107f3c2788442756b5a5a7992b80afaf67997430cccf
2025-11-04 10:34:35 - Container redis:alpine started in PT2.097526S

  .   ____          _            __ _ _
 /\\ / ___'_ __ _ _(_)_ __  __ _ \ \ \ \
( ( )\___ | '_ | '_| | '_ \/ _` | \ \ \ \
 \\/  ___)| |_)| | | | | || (_| |  ) ) ) )
  '  |____| .__|_| |_|_| |_\__, | / / / /
 =========|_|==============|___/=/_/_/_/

 :: Spring Boot ::                (v3.4.5)

2025-11-04 10:34:35 - Starting ApplicationIntegrationTest using Java 22 with PID 92808 (started by epabishai in /Users/epabishai/apps/goldenpath/dhidemo/foundry-of-trust)
2025-11-04 10:34:35 - No active profile set, falling back to 1 default profile: "default"
2025-11-04 10:34:35 - Tomcat initialized with port 0 (http)
2025-11-04 10:34:35 - Initializing ProtocolHandler ["http-nio-auto-1"]
2025-11-04 10:34:35 - Starting service [Tomcat]
2025-11-04 10:34:35 - Starting Servlet engine: [Apache Tomcat/10.1.48]
2025-11-04 10:34:35 - Initializing Spring embedded WebApplicationContext
2025-11-04 10:34:35 - Root WebApplicationContext: initialization completed in 140 ms
2025-11-04 10:34:35 - Adding welcome page: class path resource [static/index.html]
2025-11-04 10:34:35 - Starting ProtocolHandler ["http-nio-auto-1"]
2025-11-04 10:34:35 - Tomcat started on port 61095 (http) with context path '/'
2025-11-04 10:34:35 - Started ApplicationIntegrationTest in 0.228 seconds (process running for 9.154)
2025-11-04 10:34:35 - Initializing Spring DispatcherServlet 'dispatcherServlet'
2025-11-04 10:34:35 - Initializing Servlet 'dispatcherServlet'
2025-11-04 10:34:35 - Completed initialization in 1 ms
]]></system-out>
  </testcase>
  <testcase name="testcontainerIsWorking" classname="com.example.whale_of_a_time.ApplicationIntegrationTest" time="0.023"/>
  <testcase name="githubLinkIsPresent" classname="com.example.whale_of_a_time.ApplicationIntegrationTest" time="0.004"/>
</testsuite>