<?xml version="1.0" encoding="UTF-8"?>
<testsuite xmlns:xsi="http://www.w3.org/2001/XMLSchema-instance" xsi:noNamespaceSchemaLocation="https://maven.apache.org/surefire/maven-surefire-plugin/xsd/surefire-test-report-3.0.xsd" version="3.0" name="com.example.whale_of_a_time.ApplicationIntegrationTest" time="1.998" tests="3" errors="0" skipped="0" failures="0">
  <properties>
[...]
</properties>
  <testcase name="applicationStartsSuccessfully" classname="com.example.whale_of_a_time.ApplicationIntegrationTest" time="0.105">
    <system-out><![CDATA[2025-10-27 22:44:46 - Could not detect default configuration classes for test class [com.example.whale_of_a_time.ApplicationIntegrationTest]: ApplicationIntegrationTest does not declare any static, non-private, non-final, nested classes annotated with @Configuration.
2025-10-27 22:44:46 - Found @SpringBootConfiguration com.example.whale_of_a_time.WhaleOfATimeApplication for test class com.example.whale_of_a_time.ApplicationIntegrationTest
2025-10-27 22:44:46 - Image pull policy will be performed by: DefaultPullPolicy()
2025-10-27 22:44:46 - Image name substitution will be performed by: DefaultImageNameSubstitutor (composite of 'ConfigurationFileImageNameSubstitutor' and 'PrefixingImageNameSubstitutor')
2025-10-27 22:44:46 - Testcontainers version: 1.20.4
2025-10-27 22:44:47 - Found Docker environment with Testcontainers Host with tc.host=tcp://127.0.0.1:49305
2025-10-27 22:44:47 - Docker host IP address is 127.0.0.1
2025-10-27 22:44:47 - Connected to docker: 
  Server Version: 28.3.3 (via Testcontainers Desktop 1.18.1)
  API Version: 1.51
  Operating System: Ubuntu 22.04.5 LTS
  Total Memory: 31556 MB
  Labels: 
    cloud.docker.run.version=288.24defdd2
2025-10-27 22:44:47 - Checking the system...
2025-10-27 22:44:47 - ✔︎ Docker server version should be at least 1.6.0
2025-10-27 22:44:47 - Creating container for image: redis:alpine
2025-10-27 22:44:47 - Creating container for image: testcontainers/ryuk:0.11.0
2025-10-27 22:44:47 - Container testcontainers/ryuk:0.11.0 is starting: 26624b4e83a807e89bac920bbd4e35f8d7c7322e25f2f11e87d3cfbb1d19d857
2025-10-27 22:44:47 - Container testcontainers/ryuk:0.11.0 started in PT0.331134S
2025-10-27 22:44:47 - Container redis:alpine is starting: 315d7205f04695b639c464378a9cc2a065143763232fbb57cec0296e870123f3
2025-10-27 22:44:48 - Container redis:alpine started in PT0.920659S

  .   ____          _            __ _ _
 /\\ / ___'_ __ _ _(_)_ __  __ _ \ \ \ \
( ( )\___ | '_ | '_| | '_ \/ _` | \ \ \ \
 \\/  ___)| |_)| | | | | || (_| |  ) ) ) )
  '  |____| .__|_| |_|_| |_\__, | / / / /
 =========|_|==============|___/=/_/_/_/

 :: Spring Boot ::                (v3.4.5)

2025-10-27 22:44:48 - Starting ApplicationIntegrationTest using Java 22 with PID 77873 (started by epabishai in /Users/epabishai/apps/goldendemo/foundry-of-trust)
2025-10-27 22:44:48 - No active profile set, falling back to 1 default profile: "default"
2025-10-27 22:44:48 - Tomcat initialized with port 0 (http)
2025-10-27 22:44:48 - Initializing ProtocolHandler ["http-nio-auto-1"]
2025-10-27 22:44:48 - Starting service [Tomcat]
2025-10-27 22:44:48 - Starting Servlet engine: [Apache Tomcat/10.1.44]
2025-10-27 22:44:48 - Initializing Spring embedded WebApplicationContext
2025-10-27 22:44:48 - Root WebApplicationContext: initialization completed in 190 ms
2025-10-27 22:44:48 - Adding welcome page: class path resource [static/index.html]
2025-10-27 22:44:48 - Exposing 1 endpoint beneath base path '/actuator'
2025-10-27 22:44:48 - Starting ProtocolHandler ["http-nio-auto-1"]
2025-10-27 22:44:48 - Tomcat started on port 51646 (http) with context path '/'
2025-10-27 22:44:48 - Started ApplicationIntegrationTest in 0.316 seconds (process running for 3.335)
2025-10-27 22:44:48 - Initializing Spring DispatcherServlet 'dispatcherServlet'
2025-10-27 22:44:48 - Initializing Servlet 'dispatcherServlet'
2025-10-27 22:44:48 - Completed initialization in 1 ms
]]></system-out>
  </testcase>
  <testcase name="testcontainerIsWorking" classname="com.example.whale_of_a_time.ApplicationIntegrationTest" time="0.029"/>
  <testcase name="githubLinkIsPresent" classname="com.example.whale_of_a_time.ApplicationIntegrationTest" time="0.006"/>
</testsuite>